#
# There is insufficient memory for the Java Runtime Environment to continue.
# Native memory allocation (malloc) failed to allocate 1048592 bytes for Chunk::new
# Possible reasons:
#   The system is out of physical RAM or swap space
#   In 32 bit mode, the process size limit was hit
# Possible solutions:
#   Reduce memory load on the system
#   Increase physical memory or swap space
#   Check if swap backing store is full
#   Use 64 bit Java on a 64 bit OS
#   Decrease Java heap size (-Xmx/-Xms)
#   Decrease number of Java threads
#   Decrease Java thread stack sizes (-Xss)
#   Set larger code cache with -XX:ReservedCodeCacheSize=
# This output file may be truncated or incomplete.
#
#  Out of Memory Error (allocation.cpp:390), pid=12140, tid=13516
#
# JRE version: Java(TM) SE Runtime Environment (8.0_20-b26) (build 1.8.0_20-b26)
# Java VM: Java HotSpot(TM) 64-Bit Server VM (25.20-b23 mixed mode windows-amd64 compressed oops)
# Failed to write core dump. Minidumps are not enabled by default on client versions of Windows
#

---------------  T H R E A D  ---------------

Current thread (0x000000005631e000):  JavaThread "C2 CompilerThread0" daemon [_thread_in_native, id=13516, stack(0x0000000056b50000,0x0000000056c50000)]

Stack: [0x0000000056b50000,0x0000000056c50000]
Native frames: (J=compiled Java code, j=interpreted, Vv=VM code, C=native code)
V  [jvm.dll+0x3152fa]
V  [jvm.dll+0x265d03]
V  [jvm.dll+0x266943]
V  [jvm.dll+0x25e265]
V  [jvm.dll+0xbe255]
V  [jvm.dll+0xbe6fc]
V  [jvm.dll+0xf3878]
V  [jvm.dll+0x45e158]
V  [jvm.dll+0x45f0cf]
V  [jvm.dll+0x461191]
V  [jvm.dll+0x4635c5]
V  [jvm.dll+0x463f4c]
V  [jvm.dll+0x464293]
V  [jvm.dll+0x451093]
V  [jvm.dll+0x452634]
V  [jvm.dll+0x435fc2]
V  [jvm.dll+0x97b62]
V  [jvm.dll+0x98353]
V  [jvm.dll+0x22aac4]
V  [jvm.dll+0x283f5a]
C  [msvcr100.dll+0x21d9f]
C  [msvcr100.dll+0x21e3b]
C  [kernel32.dll+0x159ed]
C  [ntdll.dll+0x2b371]


Current CompileTask:
C2:2920645 8699 %     4       java.beans.Introspector::getTargetEventInfo @ 243 (1082 bytes)


---------------  P R O C E S S  ---------------

Java Threads: ( => current thread )
  0x000000005850f800 JavaThread "stdout" [_thread_in_native, id=7156, stack(0x0000000061b00000,0x0000000061c00000)]
  0x000000005850e800 JavaThread "stdout" [_thread_in_native, id=13464, stack(0x0000000061950000,0x0000000061a50000)]
  0x0000000059f44000 JavaThread "stderr" [_thread_in_native, id=12272, stack(0x0000000061820000,0x0000000061920000)]
  0x0000000059f43000 JavaThread "stderr" [_thread_in_native, id=10660, stack(0x000000005e0f0000,0x000000005e1f0000)]
  0x0000000059f42800 JavaThread "stdout" [_thread_in_native, id=13804, stack(0x0000000061180000,0x0000000061280000)]
  0x0000000059f41800 JavaThread "stderr" [_thread_in_native, id=10424, stack(0x0000000060f80000,0x0000000061080000)]
  0x0000000059f41000 JavaThread "stdout" [_thread_in_native, id=15128, stack(0x0000000061540000,0x0000000061640000)]
  0x0000000059f40000 JavaThread "stderr" [_thread_in_native, id=12500, stack(0x0000000061350000,0x0000000061450000)]
  0x0000000059f3f800 JavaThread "pool-3-thread-4" [_thread_blocked, id=13792, stack(0x0000000058fc0000,0x00000000590c0000)]
  0x0000000059f3e800 JavaThread "pool-3-thread-3" [_thread_blocked, id=15240, stack(0x000000005f260000,0x000000005f360000)]
  0x0000000059f3e000 JavaThread "pool-3-thread-2" [_thread_blocked, id=12336, stack(0x000000005b320000,0x000000005b420000)]
  0x0000000059f3d000 JavaThread "pool-3-thread-1" [_thread_blocked, id=6544, stack(0x000000005e430000,0x000000005e530000)]
  0x000000005bd5b000 JavaThread "Stdin handler" [_thread_blocked, id=13044, stack(0x0000000058db0000,0x0000000058eb0000)]
  0x000000005bd5a800 JavaThread "Daemon worker Thread 2" [_thread_blocked, id=15144, stack(0x0000000059350000,0x0000000059450000)]
  0x000000005bd59000 JavaThread "Cancel handler" [_thread_blocked, id=13296, stack(0x0000000059160000,0x0000000059260000)]
  0x000000005bd58000 JavaThread "Handler for socket connection from /127.0.0.1:65492 to /127.0.0.1:50659" [_thread_in_native, id=5384, stack(0x0000000056930000,0x0000000056a30000)]
  0x000000005bd59800 JavaThread "Daemon Thread 2" [_thread_blocked, id=13816, stack(0x0000000058ec0000,0x0000000058fc0000)]
  0x000000005a00c000 JavaThread "File lock request listener" [_thread_in_native, id=10392, stack(0x000000005ac10000,0x000000005ad10000)]
  0x0000000057cd3000 JavaThread "Incoming local TCP Connector on port 65492" [_thread_in_native, id=6284, stack(0x0000000058990000,0x0000000058a90000)]
  0x0000000054f3f000 JavaThread "Service Thread" daemon [_thread_blocked, id=8248, stack(0x0000000056ee0000,0x0000000056fe0000)]
  0x0000000054f3a000 JavaThread "C1 CompilerThread2" daemon [_thread_blocked, id=12880, stack(0x0000000056de0000,0x0000000056ee0000)]
  0x0000000056323800 JavaThread "C2 CompilerThread1" daemon [_thread_in_native, id=10544, stack(0x0000000055f10000,0x0000000056010000)]
=>0x000000005631e000 JavaThread "C2 CompilerThread0" daemon [_thread_in_native, id=13516, stack(0x0000000056b50000,0x0000000056c50000)]
  0x0000000054f38800 JavaThread "Attach Listener" daemon [_thread_blocked, id=12432, stack(0x0000000056a30000,0x0000000056b30000)]
  0x0000000054f33800 JavaThread "Signal Dispatcher" daemon [_thread_blocked, id=14104, stack(0x0000000056800000,0x0000000056900000)]
  0x0000000054edb000 JavaThread "Finalizer" daemon [_thread_blocked, id=14244, stack(0x0000000056210000,0x0000000056310000)]
  0x0000000054ed2800 JavaThread "Reference Handler" daemon [_thread_blocked, id=13040, stack(0x0000000056010000,0x0000000056110000)]
  0x0000000001f3e800 JavaThread "main" [_thread_blocked, id=8912, stack(0x0000000002250000,0x0000000002350000)]

Other Threads:
  0x0000000054ec9000 VMThread [stack: 0x0000000055e00000,0x0000000055f00000] [id=8620]
  0x00000000563a0000 WatcherThread [stack: 0x00000000570a0000,0x00000000571a0000] [id=2232]

VM state:not at safepoint (normal execution)

VM Mutex/Monitor currently owned by a thread: None

Heap:
 PSYoungGen      total 269824K, used 80276K [0x00000000eab00000, 0x0000000100000000, 0x0000000100000000)
  eden space 248832K, 23% used [0x00000000eab00000,0x00000000ee4e8e38,0x00000000f9e00000)
  from space 20992K, 99% used [0x00000000f9e00000,0x00000000fb27c380,0x00000000fb280000)
  to   space 27648K, 0% used [0x00000000fe500000,0x00000000fe500000,0x0000000100000000)
 ParOldGen       total 125952K, used 77024K [0x00000000c0000000, 0x00000000c7b00000, 0x00000000eab00000)
  object space 125952K, 61% used [0x00000000c0000000,0x00000000c4b38008,0x00000000c7b00000)
 Metaspace       used 63461K, capacity 67529K, committed 67584K, reserved 1105920K
  class space    used 8835K, capacity 10195K, committed 10240K, reserved 1048576K

Card table byte_map: [0x00000000119e0000,0x0000000011bf0000] byte_map_base: 0x00000000113e0000

Marking Bits: (ParMarkBitMap*) 0x000000007067b460
 Begin Bits: [0x0000000012340000, 0x0000000013340000)
 End Bits:   [0x0000000013340000, 0x0000000014340000)

Polling page: 0x0000000000110000

CodeCache: size=245760Kb used=24339Kb max_used=24476Kb free=221421Kb
 bounds [0x0000000002620000, 0x0000000003e30000, 0x0000000011620000]
 total_blobs=8008 nmethods=7301 adapters=617
 compilation: enabled

Compilation events (10 events):
Event: 2918.622 Thread 0x0000000054f3a000 8709       1       java.nio.HeapCharBuffer::ix (7 bytes)
Event: 2918.623 Thread 0x0000000054f3a000 nmethod 8709 0x0000000002a9cf90 code [0x0000000002a9d0e0, 0x0000000002a9d1f0]
Event: 2918.624 Thread 0x0000000054f3a000 8707       3       java.nio.HeapCharBuffer::get (14 bytes)
Event: 2918.624 Thread 0x0000000054f3a000 nmethod 8707 0x000000000326d650 code [0x000000000326d7e0, 0x000000000326db68]
Event: 2918.624 Thread 0x0000000054f3a000 8708       3       sun.nio.cs.UnicodeEncoder::put (53 bytes)
Event: 2918.625 Thread 0x0000000054f3a000 nmethod 8708 0x00000000039a67d0 code [0x00000000039a6980, 0x00000000039a6e58]
Event: 2919.219 Thread 0x000000005631e000 nmethod 8697 0x0000000003e20e50 code [0x0000000003e21440, 0x0000000003e26768]
Event: 2919.219 Thread 0x000000005631e000 8701 %     4       java.lang.Class$MethodArray::compactAndTrim @ 4 (69 bytes)
Event: 2919.227 Thread 0x000000005631e000 nmethod 8701% 0x00000000031e81d0 code [0x00000000031e8320, 0x00000000031e8738]
Event: 2919.227 Thread 0x000000005631e000 8699 %     4       java.beans.Introspector::getTargetEventInfo @ 243 (1082 bytes)

GC Heap History (10 events):
Event: 27.929 GC heap before
{Heap before GC invocations=21 (full 3):
 PSYoungGen      total 196608K, used 185344K [0x00000000eab00000, 0x00000000fa200000, 0x0000000100000000)
  eden space 185344K, 100% used [0x00000000eab00000,0x00000000f6000000,0x00000000f6000000)
  from space 11264K, 0% used [0x00000000f6000000,0x00000000f6000000,0x00000000f6b00000)
  to   space 16896K, 0% used [0x00000000f9180000,0x00000000f9180000,0x00000000fa200000)
 ParOldGen       total 70144K, used 44880K [0x00000000c0000000, 0x00000000c4480000, 0x00000000eab00000)
  object space 70144K, 63% used [0x00000000c0000000,0x00000000c2bd4180,0x00000000c4480000)
 Metaspace       used 45277K, capacity 47933K, committed 48256K, reserved 1089536K
  class space    used 6239K, capacity 7184K, committed 7296K, reserved 1048576K
Event: 28.340 GC heap after
Heap after GC invocations=21 (full 3):
 PSYoungGen      total 232448K, used 16882K [0x00000000eab00000, 0x00000000faa80000, 0x0000000100000000)
  eden space 215552K, 0% used [0x00000000eab00000,0x00000000eab00000,0x00000000f7d80000)
  from space 16896K, 99% used [0x00000000f9180000,0x00000000fa1fcb48,0x00000000fa200000)
  to   space 20480K, 0% used [0x00000000f7d80000,0x00000000f7d80000,0x00000000f9180000)
 ParOldGen       total 70144K, used 46443K [0x00000000c0000000, 0x00000000c4480000, 0x00000000eab00000)
  object space 70144K, 66% used [0x00000000c0000000,0x00000000c2d5acd8,0x00000000c4480000)
 Metaspace       used 45277K, capacity 47933K, committed 48256K, reserved 1089536K
  class space    used 6239K, capacity 7184K, committed 7296K, reserved 1048576K
}
Event: 40.870 GC heap before
{Heap before GC invocations=22 (full 3):
 PSYoungGen      total 232448K, used 232434K [0x00000000eab00000, 0x00000000faa80000, 0x0000000100000000)
  eden space 215552K, 100% used [0x00000000eab00000,0x00000000f7d80000,0x00000000f7d80000)
  from space 16896K, 99% used [0x00000000f9180000,0x00000000fa1fcb48,0x00000000fa200000)
  to   space 20480K, 0% used [0x00000000f7d80000,0x00000000f7d80000,0x00000000f9180000)
 ParOldGen       total 70144K, used 46443K [0x00000000c0000000, 0x00000000c4480000, 0x00000000eab00000)
  object space 70144K, 66% used [0x00000000c0000000,0x00000000c2d5acd8,0x00000000c4480000)
 Metaspace       used 49706K, capacity 52488K, committed 52736K, reserved 1093632K
  class space    used 6876K, capacity 7839K, committed 7936K, reserved 1048576K
Event: 40.906 GC heap after
Heap after GC invocations=22 (full 3):
 PSYoungGen      total 236032K, used 13697K [0x00000000eab00000, 0x00000000fcb00000, 0x0000000100000000)
  eden space 215552K, 0% used [0x00000000eab00000,0x00000000eab00000,0x00000000f7d80000)
  from space 20480K, 66% used [0x00000000f7d80000,0x00000000f8ae0428,0x00000000f9180000)
  to   space 21504K, 0% used [0x00000000fb600000,0x00000000fb600000,0x00000000fcb00000)
 ParOldGen       total 70144K, used 60795K [0x00000000c0000000, 0x00000000c4480000, 0x00000000eab00000)
  object space 70144K, 86% used [0x00000000c0000000,0x00000000c3b5ee08,0x00000000c4480000)
 Metaspace       used 49706K, capacity 52488K, committed 52736K, reserved 1093632K
  class space    used 6876K, capacity 7839K, committed 7936K, reserved 1048576K
}
Event: 40.906 GC heap before
{Heap before GC invocations=23 (full 4):
 PSYoungGen      total 236032K, used 13697K [0x00000000eab00000, 0x00000000fcb00000, 0x0000000100000000)
  eden space 215552K, 0% used [0x00000000eab00000,0x00000000eab00000,0x00000000f7d80000)
  from space 20480K, 66% used [0x00000000f7d80000,0x00000000f8ae0428,0x00000000f9180000)
  to   space 21504K, 0% used [0x00000000fb600000,0x00000000fb600000,0x00000000fcb00000)
 ParOldGen       total 70144K, used 60795K [0x00000000c0000000, 0x00000000c4480000, 0x00000000eab00000)
  object space 70144K, 86% used [0x00000000c0000000,0x00000000c3b5ee08,0x00000000c4480000)
 Metaspace       used 49706K, capacity 52488K, committed 52736K, reserved 1093632K
  class space    used 6876K, capacity 7839K, committed 7936K, reserved 1048576K
Event: 41.283 GC heap after
Heap after GC invocations=23 (full 4):
 PSYoungGen      total 236032K, used 0K [0x00000000eab00000, 0x00000000fcb00000, 0x0000000100000000)
  eden space 215552K, 0% used [0x00000000eab00000,0x00000000eab00000,0x00000000f7d80000)
  from space 20480K, 0% used [0x00000000f7d80000,0x00000000f7d80000,0x00000000f9180000)
  to   space 21504K, 0% used [0x00000000fb600000,0x00000000fb600000,0x00000000fcb00000)
 ParOldGen       total 125952K, used 68920K [0x00000000c0000000, 0x00000000c7b00000, 0x00000000eab00000)
  object space 125952K, 54% used [0x00000000c0000000,0x00000000c434e348,0x00000000c7b00000)
 Metaspace       used 49706K, capacity 52488K, committed 52736K, reserved 1093632K
  class space    used 6876K, capacity 7839K, committed 7936K, reserved 1048576K
}
Event: 2904.169 GC heap before
{Heap before GC invocations=24 (full 4):
 PSYoungGen      total 236032K, used 215552K [0x00000000eab00000, 0x00000000fcb00000, 0x0000000100000000)
  eden space 215552K, 100% used [0x00000000eab00000,0x00000000f7d80000,0x00000000f7d80000)
  from space 20480K, 0% used [0x00000000f7d80000,0x00000000f7d80000,0x00000000f9180000)
  to   space 21504K, 0% used [0x00000000fb600000,0x00000000fb600000,0x00000000fcb00000)
 ParOldGen       total 125952K, used 68920K [0x00000000c0000000, 0x00000000c7b00000, 0x00000000eab00000)
  object space 125952K, 54% used [0x00000000c0000000,0x00000000c434e348,0x00000000c7b00000)
 Metaspace       used 51050K, capacity 53998K, committed 54272K, reserved 1095680K
  class space    used 7096K, capacity 8132K, committed 8192K, reserved 1048576K
Event: 2904.451 GC heap after
Heap after GC invocations=24 (full 4):
 PSYoungGen      total 266240K, used 3694K [0x00000000eab00000, 0x00000000fc700000, 0x0000000100000000)
  eden space 248832K, 0% used [0x00000000eab00000,0x00000000eab00000,0x00000000f9e00000)
  from space 17408K, 21% used [0x00000000fb600000,0x00000000fb99b810,0x00000000fc700000)
  to   space 20992K, 0% used [0x00000000f9e00000,0x00000000f9e00000,0x00000000fb280000)
 ParOldGen       total 125952K, used 68928K [0x00000000c0000000, 0x00000000c7b00000, 0x00000000eab00000)
  object space 125952K, 54% used [0x00000000c0000000,0x00000000c4350348,0x00000000c7b00000)
 Metaspace       used 51050K, capacity 53998K, committed 54272K, reserved 1095680K
  class space    used 7096K, capacity 8132K, committed 8192K, reserved 1048576K
}
Event: 2912.714 GC heap before
{Heap before GC invocations=25 (full 4):
 PSYoungGen      total 266240K, used 252526K [0x00000000eab00000, 0x00000000fc700000, 0x0000000100000000)
  eden space 248832K, 100% used [0x00000000eab00000,0x00000000f9e00000,0x00000000f9e00000)
  from space 17408K, 21% used [0x00000000fb600000,0x00000000fb99b810,0x00000000fc700000)
  to   space 20992K, 0% used [0x00000000f9e00000,0x00000000f9e00000,0x00000000fb280000)
 ParOldGen       total 125952K, used 68928K [0x00000000c0000000, 0x00000000c7b00000, 0x00000000eab00000)
  object space 125952K, 54% used [0x00000000c0000000,0x00000000c4350348,0x00000000c7b00000)
 Metaspace       used 57967K, capacity 61849K, committed 61952K, reserved 1101824K
  class space    used 8108K, capacity 9451K, committed 9472K, reserved 1048576K
Event: 2913.611 GC heap after
Heap after GC invocations=25 (full 4):
 PSYoungGen      total 269824K, used 20976K [0x00000000eab00000, 0x0000000100000000, 0x0000000100000000)
  eden space 248832K, 0% used [0x00000000eab00000,0x00000000eab00000,0x00000000f9e00000)
  from space 20992K, 99% used [0x00000000f9e00000,0x00000000fb27c380,0x00000000fb280000)
  to   space 27648K, 0% used [0x00000000fe500000,0x00000000fe500000,0x0000000100000000)
 ParOldGen       total 125952K, used 77024K [0x00000000c0000000, 0x00000000c7b00000, 0x00000000eab00000)
  object space 125952K, 61% used [0x00000000c0000000,0x00000000c4b38008,0x00000000c7b00000)
 Metaspace       used 57967K, capacity 61849K, committed 61952K, reserved 1101824K
  class space    used 8108K, capacity 9451K, committed 9472K, reserved 1048576K
}

Deoptimization events (10 events):
Event: 2912.352 Thread 0x000000005bd5a800 Uncommon trap: reason=unreached action=reinterpret pc=0x000000000289de84 method=com.sun.org.apache.xerces.internal.dom.DeferredDocumentImpl.getTypeInfo(I)Ljava/lang/Object; @ 24
Event: 2912.429 Thread 0x000000005bd5a800 Uncommon trap: reason=class_check action=maybe_recompile pc=0x000000000287819c method=com.sun.org.apache.xerces.internal.dom.CharacterDataImpl.getNodeValue()Ljava/lang/String; @ 8
Event: 2912.429 Thread 0x000000005bd5a800 Uncommon trap: reason=class_check action=maybe_recompile pc=0x000000000287819c method=com.sun.org.apache.xerces.internal.dom.CharacterDataImpl.getNodeValue()Ljava/lang/String; @ 8
Event: 2912.528 Thread 0x000000005bd5a800 Uncommon trap: reason=unreached action=reinterpret pc=0x00000000031e2ed4 method=com.sun.org.apache.xerces.internal.dom.ParentNode.nodeListItem(I)Lorg/w3c/dom/Node; @ 15
Event: 2912.528 Thread 0x000000005bd5a800 Uncommon trap: reason=unreached action=reinterpret pc=0x00000000031b4f88 method=com.sun.org.apache.xerces.internal.dom.ParentNode.nodeListItem(I)Lorg/w3c/dom/Node; @ 15
Event: 2917.346 Thread 0x000000005bd5a800 Uncommon trap: reason=range_check action=make_not_entrant pc=0x0000000003040438 method=java.lang.String.charAt(I)C @ 27
Event: 2917.613 Thread 0x000000005bd5a800 Uncommon trap: reason=unreached action=reinterpret pc=0x00000000039ffb44 method=java.io.File.equals(Ljava/lang/Object;)Z @ 1
Event: 2918.507 Thread 0x000000005bd5a800 Uncommon trap: reason=unreached action=reinterpret pc=0x0000000003a60b30 method=org.codehaus.groovy.runtime.metaclass.MetaMethodIndex.getMethods(Ljava/lang/Class;Ljava/lang/String;)Lorg/codehaus/groovy/runtime/metaclass/MetaMethodIndex$Entry; @ 61
Event: 2918.526 Thread 0x0000000059f3e800 Uncommon trap: reason=unreached action=reinterpret pc=0x0000000002adcc38 method=org.codehaus.groovy.util.LazyReference.getLocked(Z)Ljava/lang/Object; @ 17
Event: 2918.544 Thread 0x0000000059f3f800 Uncommon trap: reason=unreached action=reinterpret pc=0x000000000365af08 method=groovy.lang.MetaClassImpl.findPropertyMethod(Ljava/lang/Object;ZZ)Lgroovy/lang/MetaMethod; @ 95

Internal exceptions (10 events):
Event: 2918.597 Thread 0x0000000059f3e800 Exception <a 'java/lang/ClassNotFoundException': com/google/common/hash/AbstractStreamingHashFunctionBeanInfo> (0x00000000edf3e440) thrown at [D:\re\workspace\8-2-build-windows-amd64-cygwin\jdk8u20\1074\hotspot\src\share\vm\classfile\systemDictionary.cpp, 
Event: 2918.597 Thread 0x0000000059f3e800 Exception <a 'java/security/PrivilegedActionException'> (0x00000000edf3f690) thrown at [D:\re\workspace\8-2-build-windows-amd64-cygwin\jdk8u20\1074\hotspot\src\share\vm\prims\jvm.cpp, line 1275]
Event: 2918.597 Thread 0x0000000059f3e800 Exception <a 'java/security/PrivilegedActionException'> (0x00000000edf44488) thrown at [D:\re\workspace\8-2-build-windows-amd64-cygwin\jdk8u20\1074\hotspot\src\share\vm\prims\jvm.cpp, line 1275]
Event: 2918.598 Thread 0x0000000059f3e800 Exception <a 'java/security/PrivilegedActionException'> (0x00000000edf48bd8) thrown at [D:\re\workspace\8-2-build-windows-amd64-cygwin\jdk8u20\1074\hotspot\src\share\vm\prims\jvm.cpp, line 1275]
Event: 2918.598 Thread 0x0000000059f3e800 Exception <a 'java/lang/ClassNotFoundException': com/google/common/hash/AbstractStreamingHashFunctionCustomizer> (0x00000000edf48fc8) thrown at [D:\re\workspace\8-2-build-windows-amd64-cygwin\jdk8u20\1074\hotspot\src\share\vm\classfile\systemDictionary.cppg„h2Í¦@
Event: 2918.598 Thread 0x0000000059f3e800 Exception <a 'java/security/PrivilegedActionException'> (0x00000000edf52120) thrown at [D:\re\workspace\8-2-build-windows-amd64-cygwin\jdk8u20\1074\hotspot\src\share\vm\prims\jvm.cpp, line 1275]
Event: 2918.599 Thread 0x0000000059f3e800 Exception <a 'java/security/PrivilegedActionException'> (0x00000000edf56ae8) thrown at [D:\re\workspace\8-2-build-windows-amd64-cygwin\jdk8u20\1074\hotspot\src\share\vm\prims\jvm.cpp, line 1275]
Event: 2918.599 Thread 0x0000000059f3e800 Exception <a 'java/security/PrivilegedActionException'> (0x00000000edf5ae10) thrown at [D:\re\workspace\8-2-build-windows-amd64-cygwin\jdk8u20\1074\hotspot\src\share\vm\prims\jvm.cpp, line 1275]
Event: 2918.599 Thread 0x0000000059f3e800 Exception <a 'java/lang/ClassNotFoundException': com/google/common/hash/MessageDigestHashFunctionCustomizer> (0x00000000edf5b1f8) thrown at [D:\re\workspace\8-2-build-windows-amd64-cygwin\jdk8u20\1074\hotspot\src\share\vm\classfile\systemDictionary.cpp, li@Kå¸?Í¦@
Event: 2918.624 Thread 0x0000000059f3d000 Exception <a 'java/security/PrivilegedActionException'> (0x00000000edeb1618) thrown at [D:\re\workspace\8-2-build-windows-amd64-cygwin\jdk8u20\1074\hotspot\src\share\vm\prims\jvm.cpp, line 1275]

Events (10 events):
Event: 2918.626 loading class java/util/concurrent/CountDownLatch$Sync
Event: 2918.627 loading class java/util/concurrent/CountDownLatch$Sync done
Event: 2918.652 Thread 0x0000000059f40000 Thread added: 0x0000000059f40000
Event: 2918.653 Thread 0x0000000059f41000 Thread added: 0x0000000059f41000
Event: 2918.672 Thread 0x0000000059f41800 Thread added: 0x0000000059f41800
Event: 2918.672 Thread 0x0000000059f42800 Thread added: 0x0000000059f42800
Event: 2918.674 Thread 0x0000000059f43000 Thread added: 0x0000000059f43000
Event: 2918.675 Thread 0x0000000059f44000 Thread added: 0x0000000059f44000
Event: 2918.675 Thread 0x000000005850e800 Thread added: 0x000000005850e800
Event: 2918.675 Thread 0x000000005850f800 Thread added: 0x000000005850f800


Dynamic libraries:
0x000000013fc50000 - 0x000000013fc84000 	C:\Program Files\Java\jdk1.8.0_20\bin\java.exe
0x00000000775e0000 - 0x000000007778a000 	C:\Windows\SYSTEM32\ntdll.dll
0x00000000773c0000 - 0x00000000774df000 	C:\Windows\system32\kernel32.dll
0x000007fefd670000 - 0x000007fefd6db000 	C:\Windows\system32\KERNELBASE.dll
0x000007fefec50000 - 0x000007fefed2b000 	C:\Windows\system32\ADVAPI32.dll
0x000007fefefc0000 - 0x000007feff05f000 	C:\Windows\system32\msvcrt.dll
0x000007feff520000 - 0x000007feff53f000 	C:\Windows\SYSTEM32\sechost.dll
0x000007feff190000 - 0x000007feff2bd000 	C:\Windows\system32\RPCRT4.dll
0x00000000774e0000 - 0x00000000775da000 	C:\Windows\system32\USER32.dll
0x000007fefeab0000 - 0x000007fefeb17000 	C:\Windows\system32\GDI32.dll
0x000007fefe810000 - 0x000007fefe81e000 	C:\Windows\system32\LPK.dll
0x000007feff5c0000 - 0x000007feff68a000 	C:\Windows\system32\USP10.dll
0x000007fefbdb0000 - 0x000007fefbfa4000 	C:\Windows\WinSxS\amd64_microsoft.windows.common-controls_6595b64144ccf1df_6.0.7601.18837_none_fa3b1e3d17594757\COMCTL32.dll
0x000007feff4a0000 - 0x000007feff511000 	C:\Windows\system32\SHLWAPI.dll
0x000007fefeee0000 - 0x000007fefef0e000 	C:\Windows\system32\IMM32.DLL
0x000007fefedd0000 - 0x000007fefeed9000 	C:\Windows\system32\MSCTF.dll
0x000000005bb20000 - 0x000000005bbf2000 	C:\Program Files\Java\jdk1.8.0_20\jre\bin\msvcr100.dll
0x000000006fea0000 - 0x00000000706f8000 	C:\Program Files\Java\jdk1.8.0_20\jre\bin\server\jvm.dll
0x000007fefc9d0000 - 0x000007fefc9d9000 	C:\Windows\system32\WSOCK32.dll
0x000007feff060000 - 0x000007feff0ad000 	C:\Windows\system32\WS2_32.dll
0x000007fefefb0000 - 0x000007fefefb8000 	C:\Windows\system32\NSI.dll
0x000007fefb760000 - 0x000007fefb79b000 	C:\Windows\system32\WINMM.dll
0x00000000777b0000 - 0x00000000777b7000 	C:\Windows\system32\PSAPI.DLL
0x000000006e180000 - 0x000000006e18f000 	C:\Program Files\Java\jdk1.8.0_20\jre\bin\verify.dll
0x000000005bcb0000 - 0x000000005bcd8000 	C:\Program Files\Java\jdk1.8.0_20\jre\bin\java.dll
0x000000006bab0000 - 0x000000006bac6000 	C:\Program Files\Java\jdk1.8.0_20\jre\bin\zip.dll
0x000007fefda80000 - 0x000007fefe80a000 	C:\Windows\system32\SHELL32.dll
0x000007fefe8a0000 - 0x000007fefeaa3000 	C:\Windows\system32\ole32.dll
0x000007fefd4e0000 - 0x000007fefd4ef000 	C:\Windows\system32\profapi.dll
0x000007fefcdb0000 - 0x000007fefcdc8000 	C:\Windows\system32\CRYPTSP.dll
0x000007fefcab0000 - 0x000007fefcaf7000 	C:\Windows\system32\rsaenh.dll
0x000007fefc9e0000 - 0x000007fefc9fe000 	C:\Windows\system32\USERENV.dll
0x000007fefd410000 - 0x000007fefd41f000 	C:\Windows\system32\CRYPTBASE.dll
0x000000006a6e0000 - 0x000000006a6fa000 	C:\Program Files\Java\jdk1.8.0_20\jre\bin\net.dll
0x000007fefcd50000 - 0x000007fefcda5000 	C:\Windows\system32\mswsock.dll
0x000007fefcd40000 - 0x000007fefcd47000 	C:\Windows\System32\wship6.dll
0x000007fefad70000 - 0x000007fefad97000 	C:\Windows\system32\IPHLPAPI.DLL
0x000007fefad60000 - 0x000007fefad6b000 	C:\Windows\system32\WINNSI.DLL
0x000007fefabc0000 - 0x000007fefabd1000 	C:\Windows\system32\dhcpcsvc6.DLL
0x000007fefabe0000 - 0x000007fefabf8000 	C:\Windows\system32\dhcpcsvc.DLL
0x000000006a580000 - 0x000000006a591000 	C:\Program Files\Java\jdk1.8.0_20\jre\bin\nio.dll
0x000007fef3e80000 - 0x000007fef3e92000 	C:\Users\xkcl0301\AppData\Local\Temp\native-platform8078884700071211280dir\native-platform.dll
0x000007fefd3b0000 - 0x000007fefd407000 	C:\Windows\system32\apphelp.dll
0x000007fef8090000 - 0x000007fef81b5000 	C:\Windows\system32\dbghelp.dll

VM Arguments:
jvm_args: -XX:MaxPermSize=256m -XX:+HeapDumpOnOutOfMemoryError -Xmx1024m -Dfile.encoding=windows-1256 -Duser.country=US -Duser.language=en -Duser.variant 
java_command: org.gradle.launcher.daemon.bootstrap.GradleDaemon 2.2.1 C:\Users\xkcl0301\.gradle\daemon 10800000 99494dd1-d9f2-4543-a92a-4fa71e47cfaf -XX:MaxPermSize=256m -XX:+HeapDumpOnOutOfMemoryError -Xmx1024m -Dfile.encoding=windows-1256 -Duser.country=US -Duser.language=en -Duser.variant
java_class_path (initial): C:\Users\xkcl0301\.gradle\wrapper\dists\gradle-2.2.1-all\c64ydeuardnfqctvr1gm30w53\gradle-2.2.1\lib\gradle-launcher-2.2.1.jar
Launcher Type: SUN_STANDARD

Environment Variables:
JAVA_HOME=C:\Program Files\Java\jdk1.8.0_25
CLASSPATH=.;C:\Program Files (x86)\Java\jre7\lib\ext\QTJava.zip
PATH=C:\mingw\bin;C:\mingw\libexec\gcc\x86_64-pc-mingw32\4.9.1;C:\ProgramData\Oracle\Java\javapath;C:\Windows\system32;C:\Windows;C:\Windows\System32\Wbem;C:\Windows\System32\WindowsPowerShell\v1.0\;e:\sources\apache-maven-3.2.1\bin;%JAVA_HOME%;C:\Program Files\TortoiseSVN\bin;C:\Program Files (x86)\Git\cmd;C:\Program Files\TortoiseGit\bin;C:\sonar-runner\bin;C:\Program Files (x86)\nodejs\;C:\Users\xkcl0301\AppData\Roaming\npm;C:\Users\xkcl0301\AppData\Local\Android\sdk;C:\Program Files (x86)\QuickTime\QTSystem\;C:\Program Files\SafeNet\Authentication\SAC\x64;C:\Program Files\SafeNet\Authentication\SAC\x32;C:\Program Files (x86)\Skype\Phone\;C:\Program Files (x86)\Wave Systems Corp\bin\;C:\Program Files\Wave Systems Corp\Wave TSS\bin\;C:\Program Files (x86)\Java\jre7\bin\;C:\Users\xkcl0301\AppData\Roaming\npm;C:\Program Files\BlackBerry\BB10 WebWorks SDK 2.2.0.15;C:\Program Files\BlackBerry\BB10 WebWorks SDK 2.2.0.15\cordova-blackberry\bin\dependencies\bb-tools\bin
USERNAME=XKCL0301
OS=Windows_NT
PROCESSOR_IDENTIFIER=Intel64 Family 6 Model 69 Stepping 1, GenuineIntel



---------------  S Y S T E M  ---------------

OS: Windows 7 , 64 bit Build 7601 Service Pack 1

CPU:total 4 (2 cores per cpu, 2 threads per core) family 6 model 69 stepping 1, cmov, cx8, fxsr, mmx, sse, sse2, sse3, ssse3, sse4.1, sse4.2, popcnt, avx, avx2, aes, clmul, erms, lzcnt, ht, tsc, tscinvbit, bmi1, bmi2

Memory: 4k page, physical 4088944k(109936k free), swap 6939580k(38252k free)

vm_info: Java HotSpot(TM) 64-Bit Server VM (25.20-b23) for windows-amd64 JRE (1.8.0_20-b26), built on Jul 30 2014 13:51:23 by "java_re" with MS VC++ 10.0 (VS2010)

time: Thu Mar 03 18:47:12 2016
elapsed time: 2919 seconds (0d 0h 48m 39s)

